mode: set
github.com/EliasEMC/rickpoke-poc/cmd/server/main.go:17.13,41.16 14 0
github.com/EliasEMC/rickpoke-poc/cmd/server/main.go:41.16,43.3 1 0
github.com/EliasEMC/rickpoke-poc/cmd/server/main.go:46.2,56.68 8 0
github.com/EliasEMC/rickpoke-poc/internal/adapter/db/mongo/character_repo.go:18.62,20.2 1 0
github.com/EliasEMC/rickpoke-poc/internal/adapter/db/mongo/character_repo.go:22.72,30.2 2 0
github.com/EliasEMC/rickpoke-poc/internal/adapter/db/mongo/character_repo.go:32.84,35.33 3 0
github.com/EliasEMC/rickpoke-poc/internal/adapter/db/mongo/character_repo.go:35.33,37.3 1 0
github.com/EliasEMC/rickpoke-poc/internal/adapter/db/mongo/character_repo.go:38.2,38.16 1 0
github.com/EliasEMC/rickpoke-poc/internal/adapter/db/mongo/character_repo.go:38.16,40.3 1 0
github.com/EliasEMC/rickpoke-poc/internal/adapter/db/mongo/character_repo.go:41.2,41.24 1 0
github.com/EliasEMC/rickpoke-poc/internal/adapter/db/mongo/character_repo.go:44.77,46.16 2 0
github.com/EliasEMC/rickpoke-poc/internal/adapter/db/mongo/character_repo.go:46.16,48.3 1 0
github.com/EliasEMC/rickpoke-poc/internal/adapter/db/mongo/character_repo.go:49.2,52.53 3 0
github.com/EliasEMC/rickpoke-poc/internal/adapter/db/mongo/character_repo.go:52.53,54.3 1 0
github.com/EliasEMC/rickpoke-poc/internal/adapter/db/mongo/character_repo.go:55.2,55.24 1 0
github.com/EliasEMC/rickpoke-poc/internal/adapter/db/mongo/character_repo.go:58.57,62.2 3 0
github.com/EliasEMC/rickpoke-poc/internal/adapter/api/poke_client.go:23.101,29.2 1 0
github.com/EliasEMC/rickpoke-poc/internal/adapter/api/poke_client.go:32.90,33.55 1 0
github.com/EliasEMC/rickpoke-poc/internal/adapter/api/poke_client.go:33.55,38.17 4 0
github.com/EliasEMC/rickpoke-poc/internal/adapter/api/poke_client.go:38.17,40.4 1 0
github.com/EliasEMC/rickpoke-poc/internal/adapter/api/poke_client.go:41.3,43.39 2 0
github.com/EliasEMC/rickpoke-poc/internal/adapter/api/poke_client.go:43.39,45.4 1 0
github.com/EliasEMC/rickpoke-poc/internal/adapter/api/poke_client.go:48.3,56.65 2 0
github.com/EliasEMC/rickpoke-poc/internal/adapter/api/poke_client.go:56.65,58.4 1 0
github.com/EliasEMC/rickpoke-poc/internal/adapter/api/poke_client.go:60.3,63.25 2 0
github.com/EliasEMC/rickpoke-poc/internal/adapter/api/poke_client.go:63.25,65.4 1 0
github.com/EliasEMC/rickpoke-poc/internal/adapter/api/poke_client.go:66.3,66.19 1 0
github.com/EliasEMC/rickpoke-poc/internal/adapter/api/poke_client.go:69.2,69.16 1 0
github.com/EliasEMC/rickpoke-poc/internal/adapter/api/poke_client.go:69.16,71.3 1 0
github.com/EliasEMC/rickpoke-poc/internal/adapter/api/poke_client.go:72.2,72.34 1 0
github.com/EliasEMC/rickpoke-poc/internal/adapter/api/poke_client.go:77.46,79.2 1 0
github.com/EliasEMC/rickpoke-poc/internal/adapter/api/rick_client.go:21.101,27.2 1 0
github.com/EliasEMC/rickpoke-poc/internal/adapter/api/rick_client.go:29.80,30.55 1 0
github.com/EliasEMC/rickpoke-poc/internal/adapter/api/rick_client.go:30.55,35.17 4 0
github.com/EliasEMC/rickpoke-poc/internal/adapter/api/rick_client.go:35.17,37.4 1 0
github.com/EliasEMC/rickpoke-poc/internal/adapter/api/rick_client.go:38.3,40.39 2 0
github.com/EliasEMC/rickpoke-poc/internal/adapter/api/rick_client.go:40.39,42.4 1 0
github.com/EliasEMC/rickpoke-poc/internal/adapter/api/rick_client.go:44.3,51.65 2 0
github.com/EliasEMC/rickpoke-poc/internal/adapter/api/rick_client.go:51.65,53.4 1 0
github.com/EliasEMC/rickpoke-poc/internal/adapter/api/rick_client.go:54.3,58.9 1 0
github.com/EliasEMC/rickpoke-poc/internal/adapter/api/rick_client.go:60.2,60.16 1 0
github.com/EliasEMC/rickpoke-poc/internal/adapter/api/rick_client.go:60.16,62.3 1 0
github.com/EliasEMC/rickpoke-poc/internal/adapter/api/rick_client.go:63.2,63.31 1 0
github.com/EliasEMC/rickpoke-poc/internal/adapter/api/rick_client.go:68.46,70.2 1 0
github.com/EliasEMC/rickpoke-poc/internal/adapter/db/character_repo.go:16.71,19.2 2 0
github.com/EliasEMC/rickpoke-poc/internal/adapter/db/character_repo.go:21.83,24.33 3 0
github.com/EliasEMC/rickpoke-poc/internal/adapter/db/character_repo.go:24.33,26.3 1 0
github.com/EliasEMC/rickpoke-poc/internal/adapter/db/character_repo.go:27.2,27.18 1 0
github.com/EliasEMC/rickpoke-poc/internal/adapter/db/character_repo.go:31.77,34.16 3 0
github.com/EliasEMC/rickpoke-poc/internal/adapter/db/character_repo.go:34.16,36.3 1 0
github.com/EliasEMC/rickpoke-poc/internal/adapter/db/character_repo.go:37.2,37.53 1 0
github.com/EliasEMC/rickpoke-poc/internal/adapter/db/character_repo.go:37.53,39.3 1 0
github.com/EliasEMC/rickpoke-poc/internal/adapter/db/character_repo.go:42.2,43.28 2 0
github.com/EliasEMC/rickpoke-poc/internal/adapter/db/character_repo.go:43.28,45.3 1 0
github.com/EliasEMC/rickpoke-poc/internal/adapter/db/character_repo.go:46.2,46.20 1 0
github.com/EliasEMC/rickpoke-poc/internal/adapter/db/character_repo.go:50.57,52.2 1 0
github.com/EliasEMC/rickpoke-poc/internal/adapter/db/factory/factory.go:22.77,28.2 2 0
github.com/EliasEMC/rickpoke-poc/internal/adapter/db/factory/factory.go:30.110,31.26 1 0
github.com/EliasEMC/rickpoke-poc/internal/adapter/db/factory/factory.go:32.20,33.35 1 0
github.com/EliasEMC/rickpoke-poc/internal/adapter/db/factory/factory.go:34.21,35.38 1 0
github.com/EliasEMC/rickpoke-poc/internal/adapter/db/factory/factory.go:36.13,37.79 1 0
github.com/EliasEMC/rickpoke-poc/internal/adapter/db/factory/factory.go:41.100,44.19 3 0
github.com/EliasEMC/rickpoke-poc/internal/adapter/db/factory/factory.go:44.19,46.6 1 0
github.com/EliasEMC/rickpoke-poc/internal/adapter/db/factory/factory.go:48.5,50.53 3 0
github.com/EliasEMC/rickpoke-poc/internal/adapter/db/factory/factory.go:53.103,71.19 4 0
github.com/EliasEMC/rickpoke-poc/internal/adapter/db/factory/factory.go:71.19,74.6 2 0
github.com/EliasEMC/rickpoke-poc/internal/adapter/db/factory/factory.go:76.5,76.47 1 0
github.com/EliasEMC/rickpoke-poc/internal/adapter/db/factory/factory.go:76.47,79.6 2 0
github.com/EliasEMC/rickpoke-poc/internal/adapter/db/factory/factory.go:81.5,82.46 2 0
github.com/EliasEMC/rickpoke-poc/internal/infrastructure/circuitbreaker/breaker.go:9.49,14.46 1 0
github.com/EliasEMC/rickpoke-poc/internal/infrastructure/circuitbreaker/breaker.go:14.46,16.4 1 0
github.com/EliasEMC/rickpoke-poc/internal/infrastructure/circuitbreaker/breaker.go:18.2,18.46 1 0
github.com/EliasEMC/rickpoke-poc/internal/config/config.go:17.20,19.48 2 0
github.com/EliasEMC/rickpoke-poc/internal/config/config.go:19.48,20.58 1 0
github.com/EliasEMC/rickpoke-poc/internal/config/config.go:20.58,22.4 1 0
github.com/EliasEMC/rickpoke-poc/internal/config/config.go:24.2,30.3 1 0
github.com/EliasEMC/rickpoke-poc/internal/config/config.go:33.33,34.32 1 0
github.com/EliasEMC/rickpoke-poc/internal/config/config.go:34.32,36.3 1 0
github.com/EliasEMC/rickpoke-poc/internal/config/config.go:37.2,37.10 1 0
github.com/EliasEMC/rickpoke-poc/internal/config/config.go:40.22,41.16 1 0
github.com/EliasEMC/rickpoke-poc/internal/config/config.go:41.16,43.3 1 0
github.com/EliasEMC/rickpoke-poc/internal/config/database.go:16.42,18.42 2 0
github.com/EliasEMC/rickpoke-poc/internal/config/database.go:18.42,19.19 1 0
github.com/EliasEMC/rickpoke-poc/internal/config/database.go:21.5,21.15 1 0
github.com/EliasEMC/rickpoke-poc/internal/infrastructure/http/router.go:25.15,36.52 7 0
github.com/EliasEMC/rickpoke-poc/internal/infrastructure/http/router.go:36.52,38.17 2 0
github.com/EliasEMC/rickpoke-poc/internal/infrastructure/http/router.go:38.17,41.4 2 0
github.com/EliasEMC/rickpoke-poc/internal/infrastructure/http/router.go:42.3,43.17 2 0
github.com/EliasEMC/rickpoke-poc/internal/infrastructure/http/router.go:43.17,46.4 2 0
github.com/EliasEMC/rickpoke-poc/internal/infrastructure/http/router.go:47.3,47.29 1 0
github.com/EliasEMC/rickpoke-poc/internal/infrastructure/http/router.go:49.2,50.47 2 0
github.com/EliasEMC/rickpoke-poc/internal/infrastructure/http/router.go:50.47,54.17 4 0
github.com/EliasEMC/rickpoke-poc/internal/infrastructure/http/router.go:54.17,57.4 2 0
github.com/EliasEMC/rickpoke-poc/internal/infrastructure/http/router.go:58.3,58.30 1 0
github.com/EliasEMC/rickpoke-poc/internal/infrastructure/http/router.go:60.2,66.15 4 0
github.com/EliasEMC/rickpoke-poc/internal/mocks/internal_/domain/service/CharacterFetcher.go:18.87,21.19 2 0
github.com/EliasEMC/rickpoke-poc/internal/mocks/internal_/domain/service/CharacterFetcher.go:21.19,22.49 1 0
github.com/EliasEMC/rickpoke-poc/internal/mocks/internal_/domain/service/CharacterFetcher.go:25.2,27.80 3 0
github.com/EliasEMC/rickpoke-poc/internal/mocks/internal_/domain/service/CharacterFetcher.go:27.80,29.3 1 0
github.com/EliasEMC/rickpoke-poc/internal/mocks/internal_/domain/service/CharacterFetcher.go:30.2,30.71 1 0
github.com/EliasEMC/rickpoke-poc/internal/mocks/internal_/domain/service/CharacterFetcher.go:30.71,32.3 1 0
github.com/EliasEMC/rickpoke-poc/internal/mocks/internal_/domain/service/CharacterFetcher.go:32.8,33.24 1 0
github.com/EliasEMC/rickpoke-poc/internal/mocks/internal_/domain/service/CharacterFetcher.go:33.24,35.4 1 0
github.com/EliasEMC/rickpoke-poc/internal/mocks/internal_/domain/service/CharacterFetcher.go:38.2,38.65 1 0
github.com/EliasEMC/rickpoke-poc/internal/mocks/internal_/domain/service/CharacterFetcher.go:38.65,40.3 1 0
github.com/EliasEMC/rickpoke-poc/internal/mocks/internal_/domain/service/CharacterFetcher.go:40.8,42.3 1 0
github.com/EliasEMC/rickpoke-poc/internal/mocks/internal_/domain/service/CharacterFetcher.go:44.2,44.15 1 0
github.com/EliasEMC/rickpoke-poc/internal/mocks/internal_/domain/service/CharacterFetcher.go:52.22,56.19 3 0
github.com/EliasEMC/rickpoke-poc/internal/mocks/internal_/domain/service/CharacterFetcher.go:56.19,56.49 1 0
github.com/EliasEMC/rickpoke-poc/internal/mocks/internal_/domain/service/CharacterFetcher.go:58.2,58.13 1 0
github.com/EliasEMC/rickpoke-poc/internal/mocks/internal_/domain/service/PokemonFetcher.go:18.95,21.19 2 0
github.com/EliasEMC/rickpoke-poc/internal/mocks/internal_/domain/service/PokemonFetcher.go:21.19,22.51 1 0
github.com/EliasEMC/rickpoke-poc/internal/mocks/internal_/domain/service/PokemonFetcher.go:25.2,27.86 3 0
github.com/EliasEMC/rickpoke-poc/internal/mocks/internal_/domain/service/PokemonFetcher.go:27.86,29.3 1 0
github.com/EliasEMC/rickpoke-poc/internal/mocks/internal_/domain/service/PokemonFetcher.go:30.2,30.77 1 0
github.com/EliasEMC/rickpoke-poc/internal/mocks/internal_/domain/service/PokemonFetcher.go:30.77,32.3 1 0
github.com/EliasEMC/rickpoke-poc/internal/mocks/internal_/domain/service/PokemonFetcher.go:32.8,33.24 1 0
github.com/EliasEMC/rickpoke-poc/internal/mocks/internal_/domain/service/PokemonFetcher.go:33.24,35.4 1 0
github.com/EliasEMC/rickpoke-poc/internal/mocks/internal_/domain/service/PokemonFetcher.go:38.2,38.68 1 0
github.com/EliasEMC/rickpoke-poc/internal/mocks/internal_/domain/service/PokemonFetcher.go:38.68,40.3 1 0
github.com/EliasEMC/rickpoke-poc/internal/mocks/internal_/domain/service/PokemonFetcher.go:40.8,42.3 1 0
github.com/EliasEMC/rickpoke-poc/internal/mocks/internal_/domain/service/PokemonFetcher.go:44.2,44.15 1 0
github.com/EliasEMC/rickpoke-poc/internal/mocks/internal_/domain/service/PokemonFetcher.go:52.20,56.19 3 0
github.com/EliasEMC/rickpoke-poc/internal/mocks/internal_/domain/service/PokemonFetcher.go:56.19,56.49 1 0
github.com/EliasEMC/rickpoke-poc/internal/mocks/internal_/domain/service/PokemonFetcher.go:58.2,58.13 1 0
github.com/EliasEMC/rickpoke-poc/internal/middleware/logger.go:10.49,11.30 1 0
github.com/EliasEMC/rickpoke-poc/internal/middleware/logger.go:11.30,29.3 6 0
github.com/EliasEMC/rickpoke-poc/pkg/utils/http_client.go:8.56,17.2 1 0
github.com/EliasEMC/rickpoke-poc/pkg/utils/logger.go:5.42,7.22 2 0
github.com/EliasEMC/rickpoke-poc/pkg/utils/logger.go:7.22,9.3 1 0
github.com/EliasEMC/rickpoke-poc/pkg/utils/logger.go:10.2,11.15 2 0
github.com/EliasEMC/rickpoke-poc/pkg/utils/retry.go:5.70,7.32 2 0
github.com/EliasEMC/rickpoke-poc/pkg/utils/retry.go:7.32,8.29 1 0
github.com/EliasEMC/rickpoke-poc/pkg/utils/retry.go:8.29,10.4 1 0
github.com/EliasEMC/rickpoke-poc/pkg/utils/retry.go:11.3,11.20 1 0
github.com/EliasEMC/rickpoke-poc/pkg/utils/retry.go:13.2,13.12 1 0
github.com/EliasEMC/rickpoke-poc/internal/adapter/db/postgres/character_repo.go:15.50,17.2 1 1
github.com/EliasEMC/rickpoke-poc/internal/adapter/db/postgres/character_repo.go:19.72,28.2 3 1
github.com/EliasEMC/rickpoke-poc/internal/adapter/db/postgres/character_repo.go:30.84,34.26 4 1
github.com/EliasEMC/rickpoke-poc/internal/adapter/db/postgres/character_repo.go:34.26,36.3 1 0
github.com/EliasEMC/rickpoke-poc/internal/adapter/db/postgres/character_repo.go:37.2,37.16 1 1
github.com/EliasEMC/rickpoke-poc/internal/adapter/db/postgres/character_repo.go:37.16,39.3 1 0
github.com/EliasEMC/rickpoke-poc/internal/adapter/db/postgres/character_repo.go:40.2,40.24 1 1
github.com/EliasEMC/rickpoke-poc/internal/adapter/db/postgres/character_repo.go:43.77,46.16 3 0
github.com/EliasEMC/rickpoke-poc/internal/adapter/db/postgres/character_repo.go:46.16,48.3 1 0
github.com/EliasEMC/rickpoke-poc/internal/adapter/db/postgres/character_repo.go:49.2,52.18 3 0
github.com/EliasEMC/rickpoke-poc/internal/adapter/db/postgres/character_repo.go:52.18,54.51 2 0
github.com/EliasEMC/rickpoke-poc/internal/adapter/db/postgres/character_repo.go:54.51,56.4 1 0
github.com/EliasEMC/rickpoke-poc/internal/adapter/db/postgres/character_repo.go:57.3,57.38 1 0
github.com/EliasEMC/rickpoke-poc/internal/adapter/db/postgres/character_repo.go:59.2,59.35 1 0
github.com/EliasEMC/rickpoke-poc/internal/adapter/db/postgres/character_repo.go:59.35,61.3 1 0
github.com/EliasEMC/rickpoke-poc/internal/adapter/db/postgres/character_repo.go:62.2,62.24 1 0
github.com/EliasEMC/rickpoke-poc/internal/adapter/db/postgres/character_repo.go:65.57,67.2 1 0
github.com/EliasEMC/rickpoke-poc/internal/adapter/handler/character_handler.go:12.77,13.42 1 1
github.com/EliasEMC/rickpoke-poc/internal/adapter/handler/character_handler.go:13.42,15.17 2 1
github.com/EliasEMC/rickpoke-poc/internal/adapter/handler/character_handler.go:15.17,18.4 2 0
github.com/EliasEMC/rickpoke-poc/internal/adapter/handler/character_handler.go:19.3,20.17 2 1
github.com/EliasEMC/rickpoke-poc/internal/adapter/handler/character_handler.go:20.17,23.4 2 0
github.com/EliasEMC/rickpoke-poc/internal/adapter/handler/character_handler.go:24.3,24.29 1 1
github.com/EliasEMC/rickpoke-poc/internal/adapter/handler/character_handler.go:33.107,38.2 1 0
github.com/EliasEMC/rickpoke-poc/internal/adapter/handler/character_handler.go:45.49,47.47 2 0
github.com/EliasEMC/rickpoke-poc/internal/adapter/handler/character_handler.go:47.47,50.3 2 0
github.com/EliasEMC/rickpoke-poc/internal/adapter/handler/character_handler.go:52.2,57.71 2 0
github.com/EliasEMC/rickpoke-poc/internal/adapter/handler/character_handler.go:57.71,60.3 2 0
github.com/EliasEMC/rickpoke-poc/internal/adapter/handler/character_handler.go:62.2,62.39 1 0
github.com/EliasEMC/rickpoke-poc/internal/adapter/handler/character_handler.go:65.49,67.16 2 0
github.com/EliasEMC/rickpoke-poc/internal/adapter/handler/character_handler.go:67.16,70.3 2 0
github.com/EliasEMC/rickpoke-poc/internal/adapter/handler/character_handler.go:72.2,72.35 1 0
github.com/EliasEMC/rickpoke-poc/internal/adapter/handler/health_handler.go:17.114,23.2 1 0
github.com/EliasEMC/rickpoke-poc/internal/adapter/handler/health_handler.go:25.47,28.57 2 0
github.com/EliasEMC/rickpoke-poc/internal/adapter/handler/health_handler.go:28.57,30.3 1 0
github.com/EliasEMC/rickpoke-poc/internal/adapter/handler/health_handler.go:30.8,32.3 1 0
github.com/EliasEMC/rickpoke-poc/internal/adapter/handler/health_handler.go:35.2,36.45 2 0
github.com/EliasEMC/rickpoke-poc/internal/adapter/handler/health_handler.go:36.45,38.3 1 0
github.com/EliasEMC/rickpoke-poc/internal/adapter/handler/health_handler.go:38.8,40.3 1 0
github.com/EliasEMC/rickpoke-poc/internal/adapter/handler/health_handler.go:42.2,43.45 2 0
github.com/EliasEMC/rickpoke-poc/internal/adapter/handler/health_handler.go:43.45,45.3 1 0
github.com/EliasEMC/rickpoke-poc/internal/adapter/handler/health_handler.go:45.8,47.3 1 0
github.com/EliasEMC/rickpoke-poc/internal/adapter/handler/health_handler.go:49.2,56.4 1 0
github.com/EliasEMC/rickpoke-poc/internal/adapter/handler/pokemon_handler.go:14.65,16.2 1 1
github.com/EliasEMC/rickpoke-poc/internal/adapter/handler/pokemon_handler.go:18.46,21.16 3 1
github.com/EliasEMC/rickpoke-poc/internal/adapter/handler/pokemon_handler.go:21.16,24.3 2 1
github.com/EliasEMC/rickpoke-poc/internal/adapter/handler/pokemon_handler.go:25.2,25.28 1 1
github.com/EliasEMC/rickpoke-poc/internal/adapter/handler/pokemon_handler.go:29.73,31.2 2 1
github.com/EliasEMC/rickpoke-poc/internal/adapter/handler/pokemon_handler.go:31.2,33.3 1 1
github.com/EliasEMC/rickpoke-poc/internal/usecase/combined_uc.go:15.108,17.16 2 1
github.com/EliasEMC/rickpoke-poc/internal/usecase/combined_uc.go:17.16,19.3 1 0
github.com/EliasEMC/rickpoke-poc/internal/usecase/combined_uc.go:20.2,21.16 2 1
github.com/EliasEMC/rickpoke-poc/internal/usecase/combined_uc.go:21.16,23.3 1 0
github.com/EliasEMC/rickpoke-poc/internal/usecase/combined_uc.go:24.2,27.8 1 1
github.com/EliasEMC/rickpoke-poc/internal/usecase/combined_uc.go:31.44,31.79 1 0
github.com/EliasEMC/rickpoke-poc/internal/usecase/combined_uc.go:32.44,32.79 1 0
github.com/EliasEMC/rickpoke-poc/internal/usecase/combined_uc.go:34.43,35.61 1 0
github.com/EliasEMC/rickpoke-poc/internal/usecase/combined_uc.go:35.61,37.3 1 0
github.com/EliasEMC/rickpoke-poc/internal/usecase/combined_uc.go:38.2,38.18 1 0
github.com/EliasEMC/rickpoke-poc/internal/usecase/fetch_character.go:13.80,15.2 1 1
github.com/EliasEMC/rickpoke-poc/internal/usecase/fetch_pokemon.go:13.83,15.2 1 1
github.com/EliasEMC/rickpoke-poc/internal/usecase/list_characters.go:14.77,16.2 1 0
github.com/EliasEMC/rickpoke-poc/internal/usecase/store_character.go:15.73,16.18 1 0
github.com/EliasEMC/rickpoke-poc/internal/usecase/store_character.go:16.18,18.3 1 0
github.com/EliasEMC/rickpoke-poc/internal/usecase/store_character.go:19.2,19.29 1 0
